<?xml version="1.0" encoding="UTF-8"?>
<!-- Generated by org.testng.reporters.JUnitXMLReporter -->
<testsuite hostname="kp-PC" ignored="0" name="Test" tests="2" failures="2" timestamp="27 May 2018 12:41:10 GMT" time="66.99" errors="0">
  <testcase name="loginAndLogout" time="23.527" classname="testcases.TC001_Paypal">
    <failure type="java.lang.NullPointerException">
      <![CDATA[java.lang.NullPointerException
at org.openqa.selenium.support.pagefactory.internal.LocatingElementHandler.invoke(LocatingElementHandler.java:51)
at com.sun.proxy.$Proxy15.clear(Unknown Source)
at wdMethods.SeMethods.type(SeMethods.java:113)
at pages.AccountSignPage.TypeEmail(AccountSignPage.java:40)
at testcases.TC001_Paypal.loginAndLogout(TC001_Paypal.java:28)
... Removed 29 stack frames]]>
    </failure>
  </testcase> <!-- loginAndLogout -->
  <testcase name="loginAndLogout" time="19.782" classname="testcases.TC001_Paypal">
    <failure type="java.lang.RuntimeException">
      <![CDATA[java.lang.RuntimeException
at utils.Reporter.reportStep(Reporter.java:60)
at utils.Reporter.reportStep(Reporter.java:70)
at wdMethods.SeMethods.selectDropDownUsingText(SeMethods.java:189)
at pages.AccountSignPage.SelectCountry(AccountSignPage.java:35)
at testcases.TC001_Paypal.loginAndLogout(TC001_Paypal.java:27)
... Removed 25 stack frames]]>
    </failure>
  </testcase> <!-- loginAndLogout -->
</testsuite> <!-- Test -->
